18.2.2023, 19:45:28 - INFO - Server is running on port: 3030 
19.2.2023, 16:30:33 - INFO - Server is running on port: 3030 
19.2.2023, 16:45:23 - INFO - Server is running on port: 3030 
19.2.2023, 16:50:55 - INFO - Server is running on port: 3030 
19.2.2023, 17:45:50 - INFO - Server is running on port: 3030 
19.2.2023, 17:47:42 - INFO - Server is running on port: 3030 
19.2.2023, 17:48:29 - INFO - Server is running on port: 3030 
19.2.2023, 17:49:16 - INFO - Server is running on port: 3030 
19.2.2023, 17:49:35 - INFO - Server is running on port: 3030 
19.2.2023, 17:49:49 - INFO - Server is running on port: 3030 
19.2.2023, 17:50:07 - INFO - Server is running on port: 3030 
19.2.2023, 17:50:22 - INFO - Server is running on port: 3030 
19.2.2023, 17:50:46 - INFO - Server is running on port: 3030 
19.2.2023, 17:51:45 - INFO - Server is running on port: 3030 
19.2.2023, 17:52:36 - INFO - Server is running on port: 3030 
19.2.2023, 17:52:57 - INFO - Server is running on port: 3030 
19.2.2023, 17:53:40 - INFO - Server is running on port: 3030 
19.2.2023, 17:54:11 - INFO - Server is running on port: 3030 
19.2.2023, 17:54:43 - INFO - Server is running on port: 3030 
19.2.2023, 17:54:59 - INFO - Server is running on port: 3030 
19.2.2023, 17:55:31 - INFO - Server is running on port: 3030 
19.2.2023, 17:55:59 - INFO - Server is running on port: 3030 
19.2.2023, 17:56:30 - INFO - Server is running on port: 3030 
19.2.2023, 17:56:54 - INFO - Server is running on port: 3030 
19.2.2023, 17:57:49 - INFO - Server is running on port: 3030 
19.2.2023, 17:59:18 - INFO - Server is running on port: 3030 
19.2.2023, 18:00:23 - INFO - Server is running on port: 3030 
19.2.2023, 18:00:51 - INFO - Server is running on port: 3030 
19.2.2023, 18:02:46 - INFO - Server is running on port: 3030 
19.2.2023, 18:03:23 - INFO - Server is running on port: 3030 
19.2.2023, 18:03:53 - INFO - Server is running on port: 3030 
19.2.2023, 18:04:49 - INFO - Server is running on port: 3030 
19.2.2023, 18:05:07 - INFO - Server is running on port: 3030 
19.2.2023, 18:06:58 - INFO - Server is running on port: 3030 
19.2.2023, 18:07:23 - INFO - Server is running on port: 3030 
19.2.2023, 18:07:50 - INFO - Server is running on port: 3030 
19.2.2023, 18:08:45 - INFO - Server is running on port: 3030 
19.2.2023, 18:22:55 - INFO - Server is running on port: 3030 
19.2.2023, 18:23:16 - INFO - Server is running on port: 3030 
19.2.2023, 18:23:30 - INFO - Server is running on port: 3030 
19.2.2023, 18:23:37 - INFO - Server is running on port: 3030 
19.2.2023, 18:25:20 - INFO - Server is running on port: 3030 
19.2.2023, 18:25:42 - INFO - Server is running on port: 3030 
19.2.2023, 18:26:45 - INFO - Server is running on port: 3030 
19.2.2023, 18:27:00 - INFO - Server is running on port: 3030 
19.2.2023, 18:27:23 - INFO - Server is running on port: 3030 
19.2.2023, 18:27:44 - INFO - Server is running on port: 3030 
19.2.2023, 18:27:52 - INFO - Server is running on port: 3030 
19.2.2023, 18:29:17 - INFO - Server is running on port: 3030 
19.2.2023, 18:29:26 - INFO - Server is running on port: 3030 
19.2.2023, 18:29:55 - INFO - Server is running on port: 3030 
19.2.2023, 18:30:28 - INFO - Server is running on port: 3030 
19.2.2023, 18:30:35 - INFO - Server is running on port: 3030 
19.2.2023, 18:30:44 - INFO - Server is running on port: 3030 
19.2.2023, 18:31:21 - INFO - Server is running on port: 3030 
19.2.2023, 18:31:43 - INFO - Server is running on port: 3030 
19.2.2023, 18:32:42 - INFO - Server is running on port: 3030 
19.2.2023, 18:32:51 - INFO - Server is running on port: 3030 
19.2.2023, 18:33:00 - INFO - Server is running on port: 3030 
19.2.2023, 18:38:01 - INFO - Server is running on port: 3030 
19.2.2023, 18:43:37 - INFO - Server is running on port: 3030 
19.2.2023, 18:44:24 - INFO - Server is running on port: 3030 
19.2.2023, 18:44:37 - INFO - Server is running on port: 3030 
19.2.2023, 18:44:39 - INFO - Server is running on port: 3030 
19.2.2023, 18:46:00 - INFO - Server is running on port: 3030 
19.2.2023, 18:46:10 - INFO - Server is running on port: 3030 
19.2.2023, 18:46:28 - INFO - Server is running on port: 3030 
19.2.2023, 18:46:35 - INFO - Server is running on port: 3030 
19.2.2023, 18:46:45 - INFO - Server is running on port: 3030 
19.2.2023, 18:46:59 - INFO - Server is running on port: 3030 
19.2.2023, 18:47:19 - INFO - Server is running on port: 3030 
19.2.2023, 18:47:32 - INFO - Server is running on port: 3030 
19.2.2023, 18:47:38 - INFO - Server is running on port: 3030 
19.2.2023, 18:47:55 - INFO - Server is running on port: 3030 
19.2.2023, 18:48:18 - INFO - Server is running on port: 3030 
19.2.2023, 18:48:24 - INFO - Server is running on port: 3030 
19.2.2023, 18:48:34 - INFO - Server is running on port: 3030 
19.2.2023, 18:48:59 - INFO - Server is running on port: 3030 
19.2.2023, 18:50:09 - INFO - Server is running on port: 3030 
19.2.2023, 18:50:16 - INFO - Server is running on port: 3030 
19.2.2023, 18:50:26 - INFO - Server is running on port: 3030 
19.2.2023, 18:54:41 - INFO - Server is running on port: 3030 
19.2.2023, 18:55:03 - INFO - Server is running on port: 3030 
19.2.2023, 18:55:13 - INFO - Server is running on port: 3030 
19.2.2023, 18:55:18 - INFO - Server is running on port: 3030 
19.2.2023, 18:56:07 - INFO - Server is running on port: 3030 
19.2.2023, 18:56:46 - INFO - Server is running on port: 3030 
19.2.2023, 18:56:52 - INFO - Server is running on port: 3030 
19.2.2023, 18:57:30 - INFO - Server is running on port: 3030 
19.2.2023, 18:57:38 - INFO - Server is running on port: 3030 
19.2.2023, 18:57:56 - INFO - Server is running on port: 3030 
19.2.2023, 18:57:58 - INFO - Server is running on port: 3030 
19.2.2023, 18:58:03 - INFO - Server is running on port: 3030 
19.2.2023, 18:58:17 - INFO - Server is running on port: 3030 
19.2.2023, 18:58:37 - INFO - Server is running on port: 3030 
19.2.2023, 18:59:51 - INFO - Server is running on port: 3030 
19.2.2023, 18:59:55 - INFO - Server is running on port: 3030 
19.2.2023, 19:00:29 - INFO - Server is running on port: 3030 
19.2.2023, 19:00:46 - INFO - Server is running on port: 3030 
19.2.2023, 19:01:03 - INFO - Server is running on port: 3030 
19.2.2023, 19:01:09 - INFO - Server is running on port: 3030 
19.2.2023, 19:01:19 - INFO - Server is running on port: 3030 
19.2.2023, 19:01:27 - INFO - Server is running on port: 3030 
19.2.2023, 19:02:11 - INFO - Server is running on port: 3030 
19.2.2023, 19:02:30 - INFO - Server is running on port: 3030 
19.2.2023, 19:02:34 - INFO - Server is running on port: 3030 
19.2.2023, 19:02:38 - INFO - Server is running on port: 3030 
19.2.2023, 19:03:07 - INFO - Server is running on port: 3030 
19.2.2023, 19:04:23 - INFO - Server is running on port: 3030 
19.2.2023, 19:04:28 - INFO - Server is running on port: 3030 
19.2.2023, 19:04:57 - INFO - Server is running on port: 3030 
19.2.2023, 19:05:08 - INFO - Server is running on port: 3030 
19.2.2023, 19:05:17 - INFO - Server is running on port: 3030 
19.2.2023, 19:05:26 - INFO - Server is running on port: 3030 
19.2.2023, 19:05:36 - INFO - Server is running on port: 3030 
19.2.2023, 19:08:20 - INFO - Server is running on port: 3030 
19.2.2023, 19:08:29 - INFO - Server is running on port: 3030 
19.2.2023, 19:09:12 - INFO - Server is running on port: 3030 
19.2.2023, 19:09:48 - INFO - Server is running on port: 3030 
19.2.2023, 19:10:30 - INFO - Server is running on port: 3030 
19.2.2023, 19:10:41 - INFO - Server is running on port: 3030 
19.2.2023, 19:20:04 - INFO - Server is running on port: 3030 
19.2.2023, 19:22:55 - INFO - Server is running on port: 3030 
19.2.2023, 19:23:15 - INFO - Server is running on port: 3030 
19.2.2023, 19:23:19 - INFO - Server is running on port: 3030 
19.2.2023, 19:23:30 - INFO - Server is running on port: 3030 
19.2.2023, 19:23:47 - INFO - Server is running on port: 3030 
19.2.2023, 19:32:15 - INFO - Server is running on port: 3030 
19.2.2023, 19:32:20 - INFO - Server is running on port: 3030 
19.2.2023, 19:32:27 - INFO - Server is running on port: 3030 
19.2.2023, 19:36:25 - INFO - Server is running on port: 3030 
19.2.2023, 19:37:07 - INFO - Server is running on port: 3030 
19.2.2023, 19:37:16 - INFO - Server is running on port: 3030 
19.2.2023, 19:40:19 - INFO - Server is running on port: 3030 
19.2.2023, 19:41:52 - INFO - Server is running on port: 3030 
19.2.2023, 19:42:03 - INFO - Server is running on port: 3030 
19.2.2023, 19:42:20 - INFO - Server is running on port: 3030 
19.2.2023, 19:42:43 - INFO - Server is running on port: 3030 
19.2.2023, 19:42:51 - INFO - Server is running on port: 3030 
19.2.2023, 19:43:39 - INFO - Server is running on port: 3030 
19.2.2023, 19:52:04 - INFO - Server is running on port: 3030 
20.2.2023, 13:52:55 - INFO - Server is running on port: 3030 
20.2.2023, 13:58:41 - INFO - Server is running on port: 3030 
20.2.2023, 16:24:55 - INFO - Server is running on port: 3030 
20.2.2023, 18:07:45 - INFO - Server is running on port: 3030 
20.2.2023, 18:10:13 - INFO - Server is running on port: 3030 
20.2.2023, 20:12:47 - INFO - Server is running on port: 3030 
21.2.2023, 15:10:47 - INFO - Server is running on port: 3030 
21.2.2023, 16:20:43 - INFO - Server is running on port: 3030 
21.2.2023, 16:20:59 - INFO - Server is running on port: 3030 
21.2.2023, 16:21:17 - INFO - Server is running on port: 3030 
21.2.2023, 16:21:59 - INFO - Server is running on port: 3030 
21.2.2023, 16:22:24 - INFO - Server is running on port: 3030 
21.2.2023, 16:22:43 - INFO - Server is running on port: 3030 
21.2.2023, 16:23:01 - INFO - Server is running on port: 3030 
21.2.2023, 16:23:15 - INFO - Server is running on port: 3030 
21.2.2023, 16:23:35 - INFO - Server is running on port: 3030 
21.2.2023, 16:24:14 - INFO - Server is running on port: 3030 
21.2.2023, 21:59:26 - INFO - Server is running on port: 3030 
21.2.2023, 22:24:28 - INFO - Server is running on port: 3030 
22.2.2023, 17:31:36 - INFO - Server is running on port: 3030 
22.2.2023, 21:50:57 - INFO - Server is running on port: 3030 
23.2.2023, 12:56:16 - INFO - Server is running on port: 3030 
23.2.2023, 13:55:40 - INFO - Server is running on port: 3030 
23.2.2023, 14:01:25 - INFO - Server is running on port: 3030 
23.2.2023, 19:33:31 - INFO - Server is running on port: 3030 
24.2.2023, 4:22:26 - INFO - Server is running on port: 3030 
25.2.2023, 17:01:59 - INFO - Server is running on port: 3030 
25.2.2023, 18:06:42 - INFO - Server is running on port: 3030 
25.2.2023, 18:08:01 - INFO - Server is running on port: 3030 
26.2.2023, 17:08:26 - INFO - Server is running on port: 3030 
26.2.2023, 17:08:40 - DEBUG - auth.service - signup with username: baycake, fullname: matan 
26.2.2023, 17:08:40 - ERROR - Failed to signup Error: data must be a string or Buffer and salt must either be a salt string or a number of rounds 
26.2.2023, 17:08:56 - DEBUG - auth.service - signup with username: baycake, fullname: matan 
26.2.2023, 17:08:56 - DEBUG - auth.route - new account created: {"username":"baycake","password":"$2b$10$iYseMlVhumcHOrv/ys2mvuEMF5hcZhVSQKpcbZgPVKuVmbBsji6OK","fullname":"matan","isAdmin":false,"_id":"63fb7608f2101d15cface0b1"} 
26.2.2023, 17:08:56 - DEBUG - auth.service - login with username: baycake 
26.2.2023, 17:08:56 - INFO - User signup: | {"_id":"63fb7608f2101d15cface0b1","username":"baycake","fullname":"matan","isAdmin":false} 
26.2.2023, 17:11:34 - INFO - Server is running on port: 3030 
26.2.2023, 17:27:10 - INFO - Server is running on port: 3030 
26.2.2023, 17:41:02 - DEBUG - auth.service - login with username: baycake 
26.2.2023, 17:41:02 - INFO - User login:  | {"_id":"63fb7608f2101d15cface0b1","username":"baycake","fullname":"matan","isAdmin":false} 
26.2.2023, 17:41:08 - DEBUG - auth.service - login with username: baycake 
26.2.2023, 17:41:08 - ERROR - Failed to Login Invalid username or password 
26.2.2023, 17:41:11 - DEBUG - auth.service - login with username: baycake 
26.2.2023, 17:41:11 - INFO - User login:  | {"_id":"63fb7608f2101d15cface0b1","username":"baycake","fullname":"matan","isAdmin":false} 
27.2.2023, 16:53:24 - INFO - Server is running on port: 3030 
27.2.2023, 17:05:57 - DEBUG - auth.service - signup with username: username, fullname: fullname 
27.2.2023, 17:05:57 - DEBUG - auth.route - new account created: {"username":"username","password":"$2b$10$fr2bMQ3TdouexR0Pf/f11uOpbjNJp9C.qv85JjDFUK2cVPeYKotFW","fullname":"fullname","_id":"63fcc6d59c5f70f8c0bb2fb2"} 
27.2.2023, 17:05:57 - DEBUG - auth.service - login with username: username 
27.2.2023, 17:05:57 - INFO - User signup: | {"_id":"63fcc6d59c5f70f8c0bb2fb2","username":"username","fullname":"fullname","isAdmin":null} 
27.2.2023, 17:06:25 - DEBUG - auth.service - login with username: username 
27.2.2023, 17:06:25 - INFO - User login:  | {"_id":"63fcc6d59c5f70f8c0bb2fb2","username":"username","fullname":"fullname","isAdmin":null} 
27.2.2023, 17:15:25 - DEBUG - auth.service - signup with username: new username, fullname: new fullname 
27.2.2023, 17:15:25 - DEBUG - auth.route - new account created: {"username":"new username","password":"$2b$10$O7tgN90W4xzXzRLiUdvVUuZJ/JjniyHS.ffUrJTwyxKjoKGA2vUTW","fullname":"new fullname","isAdmin":false,"_id":"63fcc90d9c5f70f8c0bb2fb3"} 
27.2.2023, 17:15:25 - DEBUG - auth.service - login with username: new username 
27.2.2023, 17:15:25 - INFO - User signup: | {"_id":"63fcc90d9c5f70f8c0bb2fb3","username":"new username","fullname":"new fullname","isAdmin":false} 
27.2.2023, 17:16:02 - DEBUG - auth.service - signup with username: new username1, fullname: new fullname1 
27.2.2023, 17:16:03 - DEBUG - auth.route - new account created: {"username":"new username1","password":"$2b$10$a1.ISOl4oNh8EIhMU.04duM/tB53O9h35N7CqzwOQGrbBu.zokr5O","fullname":"new fullname1","isAdmin":false,"_id":"63fcc9339c5f70f8c0bb2fb4"} 
27.2.2023, 17:16:03 - DEBUG - auth.service - login with username: new username1 
27.2.2023, 17:16:03 - INFO - User signup: | {"_id":"63fcc9339c5f70f8c0bb2fb4","username":"new username1","fullname":"new fullname1","isAdmin":false} 
27.2.2023, 17:22:53 - DEBUG - auth.service - signup with username: what, fullname: is  
27.2.2023, 17:22:53 - DEBUG - auth.route - new account created: {"username":"what","password":"$2b$10$TZtFyaAv76e3SccSEn1CzuRx0PouUlzDYJkFj9wzNhqS9KV/nUpOu","fullname":"is ","isAdmin":false,"_id":"63fccacd9c5f70f8c0bb2fb5"} 
27.2.2023, 17:22:53 - DEBUG - auth.service - login with username: what 
27.2.2023, 17:22:53 - INFO - User signup: | {"_id":"63fccacd9c5f70f8c0bb2fb5","username":"what","fullname":"is ","isAdmin":false} 
27.2.2023, 17:24:16 - DEBUG - auth.service - signup with username: w1, fullname: w1 
27.2.2023, 17:24:16 - DEBUG - auth.route - new account created: {"username":"w1","password":"$2b$10$AYrgV9sARpa9lTKSEbIdHec9cfOrQroaKh5TQ6bh382GYNdUIPKSq","fullname":"w1","isAdmin":false,"_id":"63fccb209c5f70f8c0bb2fb6"} 
27.2.2023, 17:24:16 - DEBUG - auth.service - login with username: w1 
27.2.2023, 17:24:16 - INFO - User signup: | {"_id":"63fccb209c5f70f8c0bb2fb6","username":"w1","fullname":"w1","isAdmin":false} 
27.2.2023, 17:33:24 - DEBUG - auth.service - login with username: username 
27.2.2023, 17:33:24 - INFO - User login:  | {"_id":"63fcc6d59c5f70f8c0bb2fb2","username":"username","fullname":"fullname","isAdmin":null} 
27.2.2023, 17:34:43 - DEBUG - auth.service - login with username: username 
27.2.2023, 17:34:43 - INFO - User login:  | {"_id":"63fcc6d59c5f70f8c0bb2fb2","username":"username","fullname":"fullname","isAdmin":null} 
27.2.2023, 17:37:25 - DEBUG - auth.service - login with username: username 
27.2.2023, 17:37:25 - INFO - User login:  | {"_id":"63fcc6d59c5f70f8c0bb2fb2","username":"username","fullname":"fullname","isAdmin":null} 
27.2.2023, 17:37:34 - DEBUG - auth.service - login with username: username 
27.2.2023, 17:37:34 - ERROR - Failed to Login Invalid username or password 
27.2.2023, 17:37:38 - DEBUG - auth.service - login with username: username 
27.2.2023, 17:37:38 - INFO - User login:  | {"_id":"63fcc6d59c5f70f8c0bb2fb2","username":"username","fullname":"fullname","isAdmin":null} 
27.2.2023, 17:38:24 - DEBUG - auth.service - login with username: username 
27.2.2023, 17:38:24 - INFO - User login:  | {"_id":"63fcc6d59c5f70f8c0bb2fb2","username":"username","fullname":"fullname","isAdmin":null} 
27.2.2023, 17:39:46 - INFO - Server is running on port: 3030 
27.2.2023, 17:44:44 - DEBUG - auth.service - login with username: username 
27.2.2023, 17:44:44 - INFO - User login:  | {"_id":"63fcc6d59c5f70f8c0bb2fb2","username":"username","fullname":"fullname","isAdmin":null} 
27.2.2023, 17:56:13 - DEBUG - auth.service - login with username: username 
27.2.2023, 17:56:13 - INFO - User login:  | {"_id":"63fcc6d59c5f70f8c0bb2fb2","username":"username","fullname":"fullname","isAdmin":null} 
27.2.2023, 18:45:55 - DEBUG - auth.service - login with username: username 
27.2.2023, 18:45:55 - INFO - User login:  | {"_id":"63fcc6d59c5f70f8c0bb2fb2","username":"username","fullname":"fullname","isAdmin":null} 
27.2.2023, 18:57:41 - DEBUG - auth.service - login with username: username 
27.2.2023, 18:57:41 - INFO - User login:  | {"_id":"63fcc6d59c5f70f8c0bb2fb2","username":"username","fullname":"fullname","isAdmin":null} 
28.2.2023, 15:38:22 - INFO - Server is running on port: 3030 
28.2.2023, 15:39:58 - DEBUG - auth.service - login with username: username 
28.2.2023, 15:39:59 - INFO - User login:  | {"_id":"63fcc6d59c5f70f8c0bb2fb2","username":"username","fullname":"fullname","isAdmin":null} 
28.2.2023, 16:22:31 - DEBUG - auth.service - login with username: username 
28.2.2023, 16:22:31 - INFO - User login:  | {"_id":"63fcc6d59c5f70f8c0bb2fb2","username":"username","fullname":"fullname","isAdmin":null} 
28.2.2023, 17:05:23 - DEBUG - auth.service - login with username: username 
28.2.2023, 17:05:23 - INFO - User login:  | {"_id":"63fcc6d59c5f70f8c0bb2fb2","username":"username","fullname":"fullname","isAdmin":null} 
28.2.2023, 17:10:12 - DEBUG - auth.service - signup with username: baybay, fullname: bayada 
28.2.2023, 17:10:12 - DEBUG - auth.route - new account created: {"username":"baybay","password":"$2b$10$kZHbw3HxNyhy45oAPqDlsujXZF6MEhr7Ih25BkImNz2pDaxBTpSt2","fullname":"bayada","isAdmin":false,"_id":"63fe19546f2e932e737c8b79"} 
28.2.2023, 17:10:12 - DEBUG - auth.service - login with username: baybay 
28.2.2023, 17:10:12 - INFO - User signup: | {"_id":"63fe19546f2e932e737c8b79","username":"baybay","fullname":"bayada","isAdmin":false} 
28.2.2023, 17:18:04 - DEBUG - auth.service - signup with username: user, fullname: full 
28.2.2023, 17:18:04 - DEBUG - auth.route - new account created: {"username":"user","password":"$2b$10$eeHE1HDaxABMERZIL4sT/O4U6eUGi0cuPXM9ClDDBFD/XnL6OuPEG","fullname":"full","isAdmin":false,"_id":"63fe1b2c6f2e932e737c8b7a"} 
28.2.2023, 17:18:04 - DEBUG - auth.service - login with username: user 
28.2.2023, 17:18:04 - INFO - User signup: | {"_id":"63fe1b2c6f2e932e737c8b7a","username":"user","fullname":"full","isAdmin":false} 
28.2.2023, 19:14:43 - DEBUG - auth.service - login with username: fullname 
28.2.2023, 19:14:43 - ERROR - Failed to Login Invalid username or password 
28.2.2023, 19:14:48 - DEBUG - auth.service - login with username: username 
28.2.2023, 19:14:48 - INFO - User login:  | {"_id":"63fcc6d59c5f70f8c0bb2fb2","username":"username","fullname":"fullname","isAdmin":null} 
1.3.2023, 15:01:23 - INFO - Server is running on port: 3030 
1.3.2023, 15:28:15 - DEBUG - auth.service - login with username: username 
1.3.2023, 15:28:15 - INFO - User login:  | {"_id":"63fcc6d59c5f70f8c0bb2fb2","username":"username","fullname":"fullname","isAdmin":null} 
1.3.2023, 18:25:19 - INFO - Server is running on port: 3030 
1.3.2023, 18:25:40 - INFO - Server is running on port: 3030 
1.3.2023, 18:26:24 - INFO - Server is running on port: 3030 
1.3.2023, 18:26:53 - INFO - Server is running on port: 3030 
1.3.2023, 18:28:02 - INFO - Server is running on port: 3030 
1.3.2023, 18:28:48 - INFO - Server is running on port: 3030 
1.3.2023, 18:29:10 - INFO - Server is running on port: 3030 
1.3.2023, 18:29:23 - INFO - Server is running on port: 3030 
1.3.2023, 18:29:30 - INFO - Server is running on port: 3030 
1.3.2023, 18:30:43 - INFO - Server is running on port: 3030 
1.3.2023, 18:31:43 - INFO - Server is running on port: 3030 
1.3.2023, 18:35:08 - INFO - Server is running on port: 3030 
1.3.2023, 18:35:30 - INFO - Server is running on port: 3030 
1.3.2023, 18:35:44 - INFO - Server is running on port: 3030 
1.3.2023, 18:35:48 - INFO - Server is running on port: 3030 
1.3.2023, 18:35:56 - INFO - Server is running on port: 3030 
1.3.2023, 18:37:38 - INFO - Server is running on port: 3030 
1.3.2023, 18:37:54 - INFO - Server is running on port: 3030 
1.3.2023, 18:38:52 - INFO - Server is running on port: 3030 
1.3.2023, 18:38:57 - INFO - Server is running on port: 3030 
1.3.2023, 18:39:35 - INFO - Server is running on port: 3030 
1.3.2023, 18:39:53 - INFO - Server is running on port: 3030 
1.3.2023, 18:40:10 - INFO - Server is running on port: 3030 
1.3.2023, 18:40:12 - INFO - Server is running on port: 3030 
1.3.2023, 18:40:25 - INFO - Server is running on port: 3030 
1.3.2023, 18:40:49 - INFO - Server is running on port: 3030 
1.3.2023, 18:42:15 - INFO - Server is running on port: 3030 
1.3.2023, 18:42:51 - INFO - Server is running on port: 3030 
1.3.2023, 18:48:11 - INFO - Server is running on port: 3030 
1.3.2023, 18:48:28 - INFO - Server is running on port: 3030 
1.3.2023, 18:48:44 - INFO - Server is running on port: 3030 
1.3.2023, 18:52:25 - INFO - Server is running on port: 3030 
1.3.2023, 18:52:39 - INFO - Server is running on port: 3030 
1.3.2023, 18:55:39 - INFO - Server is running on port: 3030 
1.3.2023, 19:00:31 - INFO - Server is running on port: 3030 
1.3.2023, 19:00:46 - INFO - Server is running on port: 3030 
1.3.2023, 19:01:00 - INFO - Server is running on port: 3030 
1.3.2023, 19:02:26 - INFO - Server is running on port: 3030 
1.3.2023, 19:02:41 - INFO - Server is running on port: 3030 
1.3.2023, 19:03:33 - INFO - Server is running on port: 3030 
1.3.2023, 19:14:43 - INFO - Server is running on port: 3030 
1.3.2023, 19:15:05 - INFO - Server is running on port: 3030 
1.3.2023, 19:15:30 - INFO - Server is running on port: 3030 
1.3.2023, 19:16:02 - INFO - Server is running on port: 3030 
1.3.2023, 19:16:15 - INFO - Server is running on port: 3030 
1.3.2023, 19:16:27 - INFO - Server is running on port: 3030 
1.3.2023, 19:16:38 - INFO - Server is running on port: 3030 
1.3.2023, 19:16:49 - INFO - Server is running on port: 3030 
1.3.2023, 19:17:22 - INFO - Server is running on port: 3030 
1.3.2023, 19:17:23 - INFO - Server is running on port: 3030 
1.3.2023, 19:17:36 - INFO - Server is running on port: 3030 
1.3.2023, 19:17:59 - INFO - Server is running on port: 3030 
1.3.2023, 19:18:17 - INFO - Server is running on port: 3030 
1.3.2023, 19:18:26 - INFO - Server is running on port: 3030 
1.3.2023, 19:18:35 - INFO - Server is running on port: 3030 
1.3.2023, 19:18:50 - DEBUG - auth.service - login with username: username 
1.3.2023, 19:18:50 - INFO - User login:  | {"_id":"63fcc6d59c5f70f8c0bb2fb2","username":"username","fullname":"fullname","isAdmin":null} 
1.3.2023, 19:18:57 - INFO - Server is running on port: 3030 
1.3.2023, 19:19:09 - INFO - Server is running on port: 3030 
1.3.2023, 19:19:41 - INFO - Server is running on port: 3030 
1.3.2023, 19:19:47 - INFO - Server is running on port: 3030 
1.3.2023, 19:19:58 - INFO - Server is running on port: 3030 
1.3.2023, 19:20:12 - INFO - Server is running on port: 3030 
2.3.2023, 16:58:04 - INFO - Server is running on port: 3030 
2.3.2023, 16:59:07 - DEBUG - auth.service - login with username: username 
2.3.2023, 16:59:08 - INFO - User login:  | {"_id":"63fcc6d59c5f70f8c0bb2fb2","username":"username","fullname":"fullname","isAdmin":null} 
4.3.2023, 16:21:00 - INFO - Server is running on port: 3030 
4.3.2023, 16:21:22 - DEBUG - auth.service - login with username: username 
4.3.2023, 16:21:22 - INFO - User login:  | {"_id":"63fcc6d59c5f70f8c0bb2fb2","username":"username","fullname":"fullname","isAdmin":null} 
9.3.2023, 18:07:39 - INFO - Server is running on port: 3030 
9.3.2023, 18:15:39 - DEBUG - auth.service - login with username: username 
9.3.2023, 18:15:39 - INFO - User login:  | {"_id":"63fcc6d59c5f70f8c0bb2fb2","username":"username","fullname":"fullname","isAdmin":null} 
9.3.2023, 18:18:55 - DEBUG - auth.service - signup with username: matani, fullname: matani 
9.3.2023, 18:18:55 - DEBUG - auth.route - new account created: {"username":"matani","password":"$2b$10$lsA7h1mon8BhEwSOtmoCT.2VeOzCrYWV5tDdPWlmIjg6XOhZ0H.NO","fullname":"matani","isAdmin":false,"_id":"640a06ef0248d3fd444cbb1d"} 
9.3.2023, 18:18:55 - DEBUG - auth.service - login with username: matani 
9.3.2023, 18:18:55 - INFO - User signup: | {"_id":"640a06ef0248d3fd444cbb1d","username":"matani","fullname":"matani","isAdmin":false} 
9.3.2023, 18:36:38 - DEBUG - auth.service - login with username: matani 
9.3.2023, 18:36:38 - INFO - User login:  | {"_id":"640a06ef0248d3fd444cbb1d","username":"matani","fullname":"matani","isAdmin":false} 
9.3.2023, 18:38:42 - DEBUG - auth.service - login with username: matani 
9.3.2023, 18:38:42 - INFO - User login:  | {"_id":"640a06ef0248d3fd444cbb1d","username":"matani","fullname":"matani","isAdmin":false} 
9.3.2023, 18:42:53 - DEBUG - auth.service - login with username: username 
9.3.2023, 18:42:54 - INFO - User login:  | {"_id":"63fcc6d59c5f70f8c0bb2fb2","username":"username","fullname":"fullname","isAdmin":null} 
9.3.2023, 19:26:29 - DEBUG - auth.service - login with username: username 
9.3.2023, 19:26:29 - INFO - User login:  | {"_id":"63fcc6d59c5f70f8c0bb2fb2","username":"username","fullname":"fullname","isAdmin":null} 
10.3.2023, 15:20:53 - INFO - Server is running on port: 3030 
10.3.2023, 15:25:01 - INFO - Server is running on port: 3030 
10.3.2023, 15:25:03 - DEBUG - auth.service - login with username: username 
10.3.2023, 15:25:04 - INFO - User login:  | {"_id":"63fcc6d59c5f70f8c0bb2fb2","username":"username","fullname":"fullname","isAdmin":null} 
10.3.2023, 15:36:21 - DEBUG - auth.service - login with username: username 
10.3.2023, 15:36:21 - INFO - User login:  | {"_id":"63fcc6d59c5f70f8c0bb2fb2","username":"username","fullname":"fullname","isAdmin":null} 
10.3.2023, 15:40:59 - DEBUG - auth.service - login with username: username 
10.3.2023, 15:40:59 - INFO - User login:  | {"_id":"63fcc6d59c5f70f8c0bb2fb2","username":"username","fullname":"fullname","isAdmin":null} 
10.3.2023, 15:59:58 - DEBUG - auth.service - login with username: username 
10.3.2023, 15:59:58 - INFO - User login:  | {"_id":"63fcc6d59c5f70f8c0bb2fb2","username":"username","fullname":"fullname","isAdmin":null} 
12.3.2023, 18:51:50 - INFO - Server is running on port: 3030 
12.3.2023, 18:52:01 - DEBUG - auth.service - login with username: username 
12.3.2023, 18:52:01 - INFO - User login:  | {"_id":"63fcc6d59c5f70f8c0bb2fb2","username":"username","fullname":"fullname","isAdmin":null} 
13.3.2023, 15:28:03 - INFO - Server is running on port: 3030 
13.3.2023, 15:31:53 - DEBUG - auth.service - login with username: username 
13.3.2023, 15:31:53 - INFO - User login:  | {"_id":"63fcc6d59c5f70f8c0bb2fb2","username":"username","fullname":"fullname","isAdmin":null} 
14.3.2023, 15:53:42 - INFO - Server is running on port: 3030 
14.3.2023, 16:05:39 - DEBUG - auth.service - login with username: username 
14.3.2023, 16:05:39 - INFO - User login:  | {"_id":"63fcc6d59c5f70f8c0bb2fb2","username":"username","fullname":"fullname","isAdmin":null} 
14.3.2023, 20:54:34 - INFO - Server is running on port: 3030 
14.3.2023, 20:54:39 - INFO - Server is running on port: 3030 
14.3.2023, 20:54:44 - INFO - Server is running on port: 3030 
14.3.2023, 20:54:59 - INFO - Server is running on port: 3030 
14.3.2023, 20:55:12 - INFO - Server is running on port: 3030 
14.3.2023, 20:55:16 - INFO - Server is running on port: 3030 
14.3.2023, 20:55:39 - INFO - Server is running on port: 3030 
14.3.2023, 20:57:10 - INFO - Server is running on port: 3030 
14.3.2023, 20:58:25 - INFO - Server is running on port: 3030 
14.3.2023, 20:59:03 - INFO - Server is running on port: 3030 
14.3.2023, 20:59:16 - INFO - Server is running on port: 3030 
14.3.2023, 20:59:32 - INFO - Server is running on port: 3030 
14.3.2023, 21:00:29 - INFO - Server is running on port: 3030 
14.3.2023, 21:01:03 - INFO - Server is running on port: 3030 
14.3.2023, 21:01:15 - INFO - Server is running on port: 3030 
15.3.2023, 15:54:11 - INFO - Server is running on port: 3030 
15.3.2023, 15:54:46 - DEBUG - auth.service - login with username: username 
15.3.2023, 15:54:47 - INFO - User login:  | {"_id":"63fcc6d59c5f70f8c0bb2fb2","username":"username","fullname":"fullname","isAdmin":null} 
15.3.2023, 15:57:47 - INFO - Server is running on port: 3030 
15.3.2023, 16:04:15 - INFO - Server is running on port: 3030 
15.3.2023, 16:09:12 - INFO - Server is running on port: 3030 
15.3.2023, 16:09:52 - INFO - Server is running on port: 3030 
15.3.2023, 16:10:11 - INFO - Server is running on port: 3030 
15.3.2023, 18:05:17 - INFO - Server is running on port: 3030 
15.3.2023, 18:05:55 - INFO - Server is running on port: 3030 
15.3.2023, 18:09:40 - INFO - Server is running on port: 3030 
15.3.2023, 18:11:39 - INFO - Server is running on port: 3030 
15.3.2023, 18:12:00 - INFO - Server is running on port: 3030 
15.3.2023, 18:26:34 - DEBUG - auth.service - login with username: username 
15.3.2023, 18:26:34 - INFO - User login:  | {"_id":"63fcc6d59c5f70f8c0bb2fb2","username":"username","fullname":"fullname","isAdmin":null} 
16.3.2023, 15:29:18 - INFO - Server is running on port: 3030 
16.3.2023, 15:29:29 - DEBUG - auth.service - login with username: username 
16.3.2023, 15:29:29 - INFO - User login:  | {"_id":"63fcc6d59c5f70f8c0bb2fb2","username":"username","fullname":"fullname","isAdmin":null} 
17.3.2023, 15:47:10 - INFO - Server is running on port: 3030 
17.3.2023, 15:47:53 - DEBUG - auth.service - login with username: username  
17.3.2023, 15:47:53 - ERROR - Failed to Login Invalid username or password 
17.3.2023, 15:48:05 - DEBUG - auth.service - login with username: username 
17.3.2023, 15:48:05 - INFO - User login:  | {"_id":"63fcc6d59c5f70f8c0bb2fb2","username":"username","fullname":"fullname","isAdmin":null} 
17.3.2023, 20:02:18 - INFO - Server is running on port: 3030 
17.3.2023, 20:02:38 - DEBUG - auth.service - login with username: username 
17.3.2023, 20:02:39 - INFO - User login:  | {"_id":"63fcc6d59c5f70f8c0bb2fb2","username":"username","fullname":"fullname","isAdmin":null} 
19.3.2023, 15:49:19 - INFO - Server is running on port: 3030 
19.3.2023, 16:37:04 - DEBUG - auth.service - login with username: username 
19.3.2023, 16:37:05 - INFO - User login:  | {"_id":"63fcc6d59c5f70f8c0bb2fb2","username":"username","fullname":"fullname","isAdmin":null} 
19.3.2023, 16:46:39 - INFO - Server is running on port: 3030 
19.3.2023, 16:47:28 - INFO - Server is running on port: 3030 
19.3.2023, 16:47:49 - INFO - Server is running on port: 3030 
19.3.2023, 16:48:04 - INFO - Server is running on port: 3030 
19.3.2023, 18:10:56 - INFO - Server is running on port: 3030 
19.3.2023, 18:11:09 - INFO - Server is running on port: 3030 
19.3.2023, 18:12:21 - INFO - Server is running on port: 3030 
19.3.2023, 18:12:45 - INFO - Server is running on port: 3030 
19.3.2023, 18:12:51 - INFO - Server is running on port: 3030 
19.3.2023, 18:13:03 - INFO - Server is running on port: 3030 
20.3.2023, 12:13:01 - INFO - Server is running on port: 3030 
20.3.2023, 12:13:29 - DEBUG - auth.service - login with username: username 
20.3.2023, 12:13:29 - INFO - User login:  | {"_id":"63fcc6d59c5f70f8c0bb2fb2","username":"username","fullname":"fullname","isAdmin":null} 
20.3.2023, 17:34:52 - INFO - Server is running on port: 3030 
20.3.2023, 17:35:59 - INFO - Server is running on port: 3030 
20.3.2023, 17:36:24 - INFO - Server is running on port: 3030 
20.3.2023, 17:36:45 - INFO - Server is running on port: 3030 
20.3.2023, 17:38:43 - DEBUG - auth.service - login with username: username 
20.3.2023, 17:38:43 - INFO - User login:  | {"_id":"63fcc6d59c5f70f8c0bb2fb2","username":"username","fullname":"fullname","isAdmin":null} 
20.3.2023, 17:39:55 - ERROR - Failed to get users | {} 
20.3.2023, 17:44:34 - INFO - Server is running on port: 3030 
20.3.2023, 17:44:40 - INFO - Server is running on port: 3030 
20.3.2023, 17:44:46 - INFO - Server is running on port: 3030 
20.3.2023, 17:45:01 - INFO - Server is running on port: 3030 
20.3.2023, 17:45:06 - INFO - Server is running on port: 3030 
20.3.2023, 17:47:24 - ERROR - Failed to get users | {} 
20.3.2023, 17:47:47 - ERROR - Failed to get users | {} 
20.3.2023, 17:47:49 - ERROR - Failed to get users | {} 
20.3.2023, 17:49:00 - INFO - Server is running on port: 3030 
20.3.2023, 17:49:01 - ERROR - Failed to get users | {} 
20.3.2023, 17:49:07 - ERROR - Failed to get users | {} 
20.3.2023, 17:49:09 - ERROR - Failed to get users | {} 
20.3.2023, 17:49:09 - ERROR - Failed to get users | {} 
20.3.2023, 17:49:09 - ERROR - Failed to get users | {} 
20.3.2023, 17:49:09 - ERROR - Failed to get users | {} 
20.3.2023, 17:49:09 - ERROR - Failed to get users | {} 
20.3.2023, 17:49:09 - ERROR - Failed to get users | {} 
20.3.2023, 17:49:36 - INFO - Server is running on port: 3030 
20.3.2023, 17:49:37 - ERROR - Failed to get users | {} 
20.3.2023, 17:49:37 - ERROR - Failed to get users | {} 
20.3.2023, 17:49:37 - ERROR - Failed to get users | {} 
20.3.2023, 17:49:45 - ERROR - Failed to get users | {} 
20.3.2023, 17:50:26 - INFO - Server is running on port: 3030 
20.3.2023, 17:50:37 - INFO - Server is running on port: 3030 
20.3.2023, 17:56:51 - INFO - Server is running on port: 3030 
20.3.2023, 17:57:24 - INFO - Server is running on port: 3030 
20.3.2023, 19:18:58 - ERROR - Failed to get user | {} 
20.3.2023, 19:18:59 - ERROR - Failed to get user | {} 
20.3.2023, 19:19:06 - ERROR - Failed to get user | {} 
20.3.2023, 19:19:57 - INFO - Server is running on port: 3030 
20.3.2023, 19:19:59 - ERROR - Failed to get user | {} 
20.3.2023, 19:20:00 - ERROR - Failed to get user | {} 
20.3.2023, 19:20:04 - INFO - Server is running on port: 3030 
20.3.2023, 19:20:05 - ERROR - Failed to get user | {} 
20.3.2023, 19:20:06 - ERROR - Failed to get user | {} 
20.3.2023, 19:20:26 - INFO - Server is running on port: 3030 
20.3.2023, 19:20:27 - ERROR - Failed to get user | {} 
20.3.2023, 19:20:38 - ERROR - Failed to get user | {} 
20.3.2023, 19:20:45 - ERROR - Failed to get user | {} 
20.3.2023, 19:20:58 - INFO - Server is running on port: 3030 
20.3.2023, 19:20:59 - ERROR - Failed to get user | {} 
20.3.2023, 19:21:09 - INFO - Server is running on port: 3030 
20.3.2023, 19:21:10 - ERROR - Failed to get user | {} 
20.3.2023, 19:21:13 - ERROR - Failed to get user | {} 
20.3.2023, 19:21:19 - INFO - Server is running on port: 3030 
20.3.2023, 19:21:19 - ERROR - Failed to get user | {} 
20.3.2023, 19:21:21 - ERROR - Failed to get user | {} 
20.3.2023, 19:21:57 - INFO - Server is running on port: 3030 
20.3.2023, 19:22:02 - ERROR - Failed to get user | {} 
20.3.2023, 19:22:04 - ERROR - Failed to get user | {} 
20.3.2023, 19:22:05 - ERROR - Failed to get user | {} 
20.3.2023, 19:22:06 - ERROR - Failed to get user | {} 
20.3.2023, 19:22:11 - INFO - Server is running on port: 3030 
20.3.2023, 19:22:33 - INFO - Server is running on port: 3030 
20.3.2023, 19:22:34 - ERROR - Failed to get user | {} 
20.3.2023, 19:22:42 - INFO - Server is running on port: 3030 
20.3.2023, 19:23:35 - INFO - Server is running on port: 3030 
20.3.2023, 19:23:48 - INFO - Server is running on port: 3030 
20.3.2023, 19:38:38 - INFO - Server is running on port: 3030 
20.3.2023, 20:02:10 - INFO - Server is running on port: 3030 
20.3.2023, 20:02:29 - INFO - Server is running on port: 3030 
20.3.2023, 20:03:18 - INFO - Server is running on port: 3030 
20.3.2023, 20:03:25 - INFO - Server is running on port: 3030 
20.3.2023, 20:03:28 - INFO - Server is running on port: 3030 
20.3.2023, 20:04:09 - INFO - Server is running on port: 3030 
20.3.2023, 20:04:28 - INFO - Server is running on port: 3030 
20.3.2023, 20:04:59 - INFO - Server is running on port: 3030 
23.3.2023, 16:37:11 - INFO - Server is running on port: 3030 
23.3.2023, 16:38:30 - DEBUG - auth.service - login with username: username 
23.3.2023, 16:38:31 - INFO - User login:  | {"_id":"63fcc6d59c5f70f8c0bb2fb2","username":"username","fullname":"fullname","isAdmin":null} 
23.3.2023, 17:31:20 - INFO - Server is running on port: 3030 
23.3.2023, 17:31:22 - INFO - Server is running on port: 3030 
23.3.2023, 17:34:03 - INFO - Server is running on port: 3030 
24.3.2023, 0:28:01 - INFO - Server is running on port: 3030 
24.3.2023, 0:28:17 - DEBUG - auth.service - login with username: username 
24.3.2023, 0:28:17 - INFO - User login:  | {"_id":"63fcc6d59c5f70f8c0bb2fb2","username":"username","fullname":"fullname","isAdmin":null} 
26.3.2023, 14:29:42 - INFO - Server is running on port: 3030 
26.3.2023, 14:30:33 - DEBUG - auth.service - login with username: username 
26.3.2023, 14:30:33 - ERROR - Failed to Login Invalid username or password 
26.3.2023, 14:30:35 - DEBUG - auth.service - login with username: username 
26.3.2023, 14:30:35 - ERROR - Failed to Login Invalid username or password 
26.3.2023, 14:30:43 - DEBUG - auth.service - login with username: username 
26.3.2023, 14:30:43 - INFO - User login:  | {"_id":"63fcc6d59c5f70f8c0bb2fb2","username":"username","fullname":"fullname","isAdmin":null} 
26.3.2023, 19:04:35 - INFO - Server is running on port: 3030 
26.3.2023, 19:05:15 - DEBUG - auth.service - login with username: username 
26.3.2023, 19:05:15 - INFO - User login:  | {"_id":"63fcc6d59c5f70f8c0bb2fb2","username":"username","fullname":"fullname","isAdmin":null} 
27.3.2023, 16:12:49 - INFO - Server is running on port: 3030 
28.3.2023, 17:53:55 - INFO - Server is running on port: 3030 
28.3.2023, 17:55:36 - DEBUG - auth.service - login with username: username 
28.3.2023, 17:55:36 - INFO - User login:  | {"_id":"63fcc6d59c5f70f8c0bb2fb2","username":"username","fullname":"fullname","isAdmin":null} 
28.3.2023, 19:53:56 - DEBUG - auth.service - signup with username: newmatan, fullname: newmatan 
28.3.2023, 19:53:56 - DEBUG - auth.route - new account created: {"username":"newmatan","password":"$2b$10$nfC6FmYWR4QVjrik.5Vu9.Z8NySKSVxAI7HPvUycgCSRowqSNztKS","fullname":"newmatan","isAdmin":false,"_id":"64231ba464ddf1ce22ad4f3c"} 
28.3.2023, 19:53:56 - DEBUG - auth.service - login with username: newmatan 
28.3.2023, 19:53:56 - INFO - User signup: | {"_id":"64231ba464ddf1ce22ad4f3c","username":"newmatan","fullname":"newmatan","isAdmin":false} 
28.3.2023, 19:54:05 - DEBUG - auth.service - login with username: username 
28.3.2023, 19:54:05 - INFO - User login:  | {"_id":"63fcc6d59c5f70f8c0bb2fb2","username":"username","fullname":"fullname","isAdmin":null} 
28.3.2023, 19:54:26 - DEBUG - auth.service - login with username: newmatan 
28.3.2023, 19:54:27 - INFO - User login:  | {"_id":"64231ba464ddf1ce22ad4f3c","username":"newmatan","fullname":"newmatan","isAdmin":false} 
28.3.2023, 20:13:05 - INFO - Server is running on port: 3030 
28.3.2023, 20:13:22 - DEBUG - auth.service - login with username: username 
28.3.2023, 20:13:23 - INFO - User login:  | {"_id":"63fcc6d59c5f70f8c0bb2fb2","username":"username","fullname":"fullname","isAdmin":null} 
28.3.2023, 20:15:04 - INFO - Server is running on port: 3030 
28.3.2023, 20:15:55 - INFO - Server is running on port: 3030 
28.3.2023, 20:16:08 - INFO - Server is running on port: 3030 
28.3.2023, 20:18:53 - INFO - Server is running on port: 3030 
28.3.2023, 20:19:05 - INFO - Server is running on port: 3030 
28.3.2023, 20:20:01 - INFO - Server is running on port: 3030 
28.3.2023, 20:20:16 - DEBUG - auth.service - login with username: matannew 
28.3.2023, 20:20:16 - ERROR - Failed to Login Invalid username or password 
28.3.2023, 20:20:23 - DEBUG - auth.service - login with username: newmatan 
28.3.2023, 20:20:23 - INFO - User login:  | {"_id":"64231ba464ddf1ce22ad4f3c","username":"newmatan","fullname":"newmatan","isAdmin":false} 
28.3.2023, 20:20:30 - INFO - Server is running on port: 3030 
28.3.2023, 20:21:12 - INFO - Server is running on port: 3030 
28.3.2023, 20:22:12 - INFO - Server is running on port: 3030 
28.3.2023, 20:22:57 - DEBUG - auth.service - login with username: fullname 
28.3.2023, 20:22:57 - ERROR - Failed to Login Invalid username or password 
28.3.2023, 20:23:04 - DEBUG - auth.service - login with username: username 
28.3.2023, 20:23:04 - INFO - User login:  | {"_id":"63fcc6d59c5f70f8c0bb2fb2","username":"username","fullname":"fullname","isAdmin":null} 
28.3.2023, 20:23:33 - INFO - Server is running on port: 3030 
28.3.2023, 20:24:54 - INFO - Server is running on port: 3030 
28.3.2023, 20:25:14 - DEBUG - auth.service - login with username: newmatan 
28.3.2023, 20:25:14 - INFO - User login:  | {"_id":"64231ba464ddf1ce22ad4f3c","username":"newmatan","fullname":"newmatan","isAdmin":false} 
28.3.2023, 20:25:43 - INFO - Server is running on port: 3030 
28.3.2023, 20:25:52 - INFO - Server is running on port: 3030 
28.3.2023, 20:29:40 - INFO - Server is running on port: 3030 
28.3.2023, 20:29:50 - INFO - Server is running on port: 3030 
28.3.2023, 20:31:03 - INFO - Server is running on port: 3030 
28.3.2023, 20:31:17 - INFO - Server is running on port: 3030 
31.3.2023, 13:47:16 - INFO - Server is running on port: 3030 
31.3.2023, 13:47:53 - DEBUG - auth.service - login with username: username 
31.3.2023, 13:47:53 - INFO - User login:  | {"_id":"63fcc6d59c5f70f8c0bb2fb2","username":"username","fullname":"fullname","isAdmin":null} 
31.3.2023, 13:52:09 - INFO - Server is running on port: 3030 
31.3.2023, 13:52:54 - INFO - Server is running on port: 3030 
31.3.2023, 13:53:02 - INFO - Server is running on port: 3030 
31.3.2023, 13:54:16 - INFO - Server is running on port: 3030 
31.3.2023, 13:54:41 - INFO - Server is running on port: 3030 
31.3.2023, 13:54:55 - INFO - Server is running on port: 3030 
31.3.2023, 13:54:59 - INFO - Server is running on port: 3030 
31.3.2023, 14:00:56 - INFO - Server is running on port: 3030 
31.3.2023, 14:01:50 - INFO - Server is running on port: 3030 
31.3.2023, 14:02:01 - DEBUG - auth.service - login with username: newmatan 
31.3.2023, 14:02:01 - INFO - User login:  | {"_id":"64231ba464ddf1ce22ad4f3c","username":"newmatan","fullname":"newmatan","isAdmin":false} 
31.3.2023, 14:02:25 - DEBUG - auth.service - login with username: username 
31.3.2023, 14:02:25 - INFO - User login:  | {"_id":"63fcc6d59c5f70f8c0bb2fb2","username":"username","fullname":"fullname","isAdmin":null} 
31.3.2023, 21:35:45 - INFO - Server is running on port: 3030 
31.3.2023, 21:35:52 - INFO - Server is running on port: 3030 
31.3.2023, 21:36:20 - INFO - Server is running on port: 3030 
31.3.2023, 21:36:20 - DEBUG - auth.service - login with username: username 
31.3.2023, 21:36:20 - INFO - User login:  | {"_id":"63fcc6d59c5f70f8c0bb2fb2","username":"username","fullname":"fullname","isAdmin":null} 
31.3.2023, 21:42:51 - INFO - Server is running on port: 3030 
31.3.2023, 21:43:46 - DEBUG - auth.service - login with username: newmatan 
31.3.2023, 21:43:46 - INFO - User login:  | {"_id":"64231ba464ddf1ce22ad4f3c","username":"newmatan","fullname":"newmatan","isAdmin":false} 
31.3.2023, 21:44:28 - DEBUG - auth.service - login with username: newmatan 
31.3.2023, 21:44:29 - INFO - User login:  | {"_id":"64231ba464ddf1ce22ad4f3c","username":"newmatan","fullname":"newmatan","isAdmin":false} 
31.3.2023, 21:44:46 - DEBUG - auth.service - login with username: username 
31.3.2023, 21:44:47 - INFO - User login:  | {"_id":"63fcc6d59c5f70f8c0bb2fb2","username":"username","fullname":"fullname","isAdmin":null} 
31.3.2023, 21:49:02 - DEBUG - auth.service - login with username: username 
31.3.2023, 21:49:02 - INFO - User login:  | {"_id":"63fcc6d59c5f70f8c0bb2fb2","username":"username","fullname":"fullname","isAdmin":null} 
31.3.2023, 21:50:14 - DEBUG - auth.service - login with username: newmatan 
31.3.2023, 21:50:14 - INFO - User login:  | {"_id":"64231ba464ddf1ce22ad4f3c","username":"newmatan","fullname":"newmatan","isAdmin":false} 
1.4.2023, 11:46:03 - INFO - Server is running on port: 3030 
1.4.2023, 11:46:33 - DEBUG - auth.service - login with username: username 
1.4.2023, 11:46:34 - ERROR - Failed to Login Invalid username or password 
1.4.2023, 11:46:37 - DEBUG - auth.service - login with username: username 
1.4.2023, 11:46:37 - INFO - User login:  | {"_id":"63fcc6d59c5f70f8c0bb2fb2","username":"username","fullname":"fullname","isAdmin":null} 
1.4.2023, 14:33:29 - DEBUG - auth.service - login with username: newmatan 
1.4.2023, 14:33:29 - INFO - User login:  | {"_id":"64231ba464ddf1ce22ad4f3c","username":"newmatan","fullname":"newmatan","isAdmin":false} 
1.4.2023, 14:39:11 - DEBUG - auth.service - login with username: username 
1.4.2023, 14:39:11 - INFO - User login:  | {"_id":"63fcc6d59c5f70f8c0bb2fb2","username":"username","fullname":"fullname","isAdmin":null} 
1.4.2023, 14:39:50 - DEBUG - auth.service - login with username: newmatan 
1.4.2023, 14:39:50 - INFO - User login:  | {"_id":"64231ba464ddf1ce22ad4f3c","username":"newmatan","fullname":"newmatan","isAdmin":false} 
1.4.2023, 14:40:04 - DEBUG - auth.service - login with username: username 
1.4.2023, 14:40:04 - INFO - User login:  | {"_id":"63fcc6d59c5f70f8c0bb2fb2","username":"username","fullname":"fullname","isAdmin":null} 
1.4.2023, 14:40:14 - DEBUG - auth.service - login with username: newmatan 
1.4.2023, 14:40:14 - INFO - User login:  | {"_id":"64231ba464ddf1ce22ad4f3c","username":"newmatan","fullname":"newmatan","isAdmin":false} 
1.4.2023, 14:41:55 - DEBUG - auth.service - login with username: username 
1.4.2023, 14:41:55 - INFO - User login:  | {"_id":"63fcc6d59c5f70f8c0bb2fb2","username":"username","fullname":"fullname","isAdmin":null} 
1.4.2023, 14:42:11 - DEBUG - auth.service - login with username: newmatan 
1.4.2023, 14:42:11 - INFO - User login:  | {"_id":"64231ba464ddf1ce22ad4f3c","username":"newmatan","fullname":"newmatan","isAdmin":false} 
1.4.2023, 14:42:58 - DEBUG - auth.service - login with username: username 
1.4.2023, 14:42:58 - INFO - User login:  | {"_id":"63fcc6d59c5f70f8c0bb2fb2","username":"username","fullname":"fullname","isAdmin":null} 
1.4.2023, 14:43:21 - DEBUG - auth.service - login with username: newmatan 
1.4.2023, 14:43:21 - INFO - User login:  | {"_id":"64231ba464ddf1ce22ad4f3c","username":"newmatan","fullname":"newmatan","isAdmin":false} 
1.4.2023, 14:51:21 - DEBUG - auth.service - login with username: newmatan 
1.4.2023, 14:51:21 - INFO - User login:  | {"_id":"64231ba464ddf1ce22ad4f3c","username":"newmatan","fullname":"newmatan","isAdmin":false} 
1.4.2023, 15:02:37 - DEBUG - auth.service - login with username: username 
1.4.2023, 15:02:37 - INFO - User login:  | {"_id":"63fcc6d59c5f70f8c0bb2fb2","username":"username","fullname":"fullname","isAdmin":null} 
1.4.2023, 15:02:57 - DEBUG - auth.service - login with username: newmatan 
1.4.2023, 15:02:57 - INFO - User login:  | {"_id":"64231ba464ddf1ce22ad4f3c","username":"newmatan","fullname":"newmatan","isAdmin":false} 
2.4.2023, 16:38:38 - INFO - Server is running on port: 3030 
2.4.2023, 16:39:19 - DEBUG - auth.service - login with username: username 
2.4.2023, 16:39:19 - INFO - User login:  | {"_id":"63fcc6d59c5f70f8c0bb2fb2","username":"username","fullname":"fullname","isAdmin":null} 
2.4.2023, 22:36:37 - INFO - Server is running on port: 3030 
2.4.2023, 22:36:45 - DEBUG - auth.service - login with username: username 
2.4.2023, 22:36:45 - INFO - User login:  | {"_id":"63fcc6d59c5f70f8c0bb2fb2","username":"username","fullname":"fullname","isAdmin":null} 
3.4.2023, 12:41:37 - INFO - Server is running on port: 3030 
3.4.2023, 12:42:09 - DEBUG - auth.service - login with username: username 
3.4.2023, 12:42:09 - INFO - User login:  | {"_id":"63fcc6d59c5f70f8c0bb2fb2","username":"username","fullname":"fullname","isAdmin":null} 
3.4.2023, 14:58:59 - INFO - Server is running on port: 3030 
3.4.2023, 14:59:12 - DEBUG - auth.service - login with username: username 
3.4.2023, 14:59:12 - INFO - User login:  | {"_id":"63fcc6d59c5f70f8c0bb2fb2","username":"username","fullname":"fullname","isAdmin":null} 
3.4.2023, 16:51:43 - INFO - Server is running on port: 3030 
3.4.2023, 16:52:08 - DEBUG - auth.service - login with username: username 
3.4.2023, 16:52:08 - INFO - User login:  | {"_id":"63fcc6d59c5f70f8c0bb2fb2","username":"username","fullname":"fullname","isAdmin":null} 
3.4.2023, 19:55:40 - DEBUG - auth.service - login with username: username 
3.4.2023, 19:55:40 - INFO - User login:  | {"_id":"63fcc6d59c5f70f8c0bb2fb2","username":"username","fullname":"fullname","isAdmin":null} 
9.4.2023, 16:34:04 - INFO - Server is running on port: 3030 
9.4.2023, 16:34:30 - DEBUG - auth.service - login with username: username 
9.4.2023, 16:34:30 - INFO - User login:  | {"_id":"63fcc6d59c5f70f8c0bb2fb2","username":"username","fullname":"fullname","isAdmin":null} 
